<?xml version="1.0" encoding="UTF-8"?>
<testng-results skipped="0" failed="0" total="1" passed="1">
  <reporter-output>
  </reporter-output>
  <suite name="Default suite" duration-ms="24119" started-at="2021-08-14T12:44:42Z" finished-at="2021-08-14T12:45:06Z">
    <groups>
    </groups>
    <test name="Default test" duration-ms="24119" started-at="2021-08-14T12:44:42Z" finished-at="2021-08-14T12:45:06Z">
      <class name="com.svm.pages.MultipleWindows">
        <test-method status="PASS" signature="test()[pri:0, instance:com.svm.pages.MultipleWindows@4ae3c1cd]" name="test" duration-ms="24109" started-at="2021-08-14T07:44:42Z" finished-at="2021-08-14T07:45:06Z">
          <reporter-output>
          </reporter-output>
        </test-method> <!-- test -->
      </class> <!-- com.svm.pages.MultipleWindows -->
    </test> <!-- Default test -->
  </suite> <!-- Default suite -->
</testng-results>
