<?xml version="1.0" encoding="UTF-8"?>
<!-- Generated by org.testng.reporters.JUnitXMLReporter -->
<testsuite hostname="SEZ185SVM" name="Test" tests="8" failures="0" timestamp="11 Aug 2021 08:28:12 GMT" time="161.027" errors="0">
  <testcase name="loginpageTitleTest" time="0.014" classname="com.svm.testcases.LoginpageTest"/>
  <testcase name="loginpageimgTest" time="0.023" classname="com.svm.testcases.LoginpageTest"/>
  <testcase name="verifyLogin" time="3.071" classname="com.svm.testcases.LoginpageTest"/>
  <testcase name="CreateClient" time="12.251" classname="com.svm.testcases.ClientpageTest"/>
  <testcase name="ValidateWelcomeImg" time="0.04" classname="com.svm.testcases.HomepageTest"/>
  <testcase name="ValidatepageTitle" time="0.005" classname="com.svm.testcases.HomepageTest"/>
  <testcase name="verifyClickOnOrder" time="10.074" classname="com.svm.testcases.HomepageTest"/>
  <testcase name="verifyOrderTile" time="0.021" classname="com.svm.testcases.HomepageTest"/>
</testsuite> <!-- Test -->
